201
0 13
45948 82022 1599 91997 96767 70546 45608 94356 88544 94192 6990 4346 30723
1 19
13706 88985 43193 64718 4770 51943 32904 22277 89494 30294 75323 26185 57868 94334 36109 81515 50324 4989 54693
2 18
95109 9041 70856 29805 86566 2833 88815 70281 99122 85500 81548 11192 96619 7100 35387 16023 59105 81874
3 14
43193 1441 28715 19769 23414 92770 73436 68679 75988 4982 93556 54205 49233 6008
4 12
7431 39112 16808 88055 7521 84490 24927 75782 50423 89089 14116 3437
5 16
69906 62891 85820 83777 31929 86009 14459 98759 47081 70553 32713 30091 90613 48874 34776 41431
6 15
1006 8469 27549 46 40065 76032 2535 7756 76192 52588 32000 92011 78614 27899 47182
7 20
37266 27984 21142 50744 84296 63360 12603 37050 87022 32082 17095 79184 71696 47086 37092 95812 70688 90821 22656 40419
8 12
28843 55075 82683 53591 44699 9995 29784 6488 71854 47723 16557 26670
9 19
91115 72742 51373 73654 15538 21205 95375 83380 64402 23584 90178 75171 38744 67053 35949 31528 83907 32264 18888
10 10
38822 77591 24649 14256 25447 40578 42576 36199 2967 12532
11 18
73881 51837 87231 46556 83794 8607 82602 27005 67649 97198 36879 4869 77382 58221 74826 29132 70210 38257
12 13
34570 3072 4986 37212 16384 74644 42296 20226 45929 23189 19620 79461 14869
13 16
46105 25167 292 90680 92709 84405 54831 80223 22579 65060 33975 80593 34910 19001 14748 59458
14 16
70476 12947 10793 24976 29824 86966 36842 79169 7166 27676 46235 55357 42278 92796 57106 33620
15 14
21436 2196 83108 12330 17745 59740 8913 34990 81548 23394 97244 17740 1051 29618
16 18
79317 86246 21273 80933 45051 78933 69365 66289 40720 14484 12081 31044 46212 65538 46573 59477 45060 19163
17 11
72496 25571 260 55850 29228 16957 45853 51970 96442 7594 44591
18 14
69057 73308 55842 56601 52255 64396 80302 74125 98878 35169 75224 52395 74997 29586
19 20
54031 84320 50289 84845 45938 62074 10987 289 31923 15417 33832 34109 59697 53181 53043 77516 82303 41297 2596 57153
20 18
56269 70902 46404 6642 83263 60514 68344 17453 92494 37314 82710 54544 88220 45286 79689 54112 21904 99671
21 11
12966 81905 90246 3458 64318 49514 47189 35891 12190 26628 68435
22 12
92610 82744 75945 28374 61262 44960 93602 22817 2491 72092 52246 82315
23 15
33117 22914 26317 47054 41636 79922 89639 26113 74428 98955 30360 37676 21213 51430 33589
24 20
480 62132 77741 37301 33209 46741 29104 67938 68370 90615 88984 44558 47774 38835 17724 1864 79114 264 51615 46348
25 13
28562 87786 60620 79583 87370 14449 97951 8959 31263 16523 69060 26816 5898
26 11
33647 21296 38644 55793 79353 36834 89591 28825 57812 31193 18513
27 11
28774 16616 62977 31660 68826 26450 47183 4210 60997 60124 6037
28 16
85083 95507 4816 8020 93781 4431 3516 60398 15591 73030 6372 97303 31037 89282 90587 78067
29 18
99675 23600 77350 50056 68691 33336 55674 97733 80009 69361 33042 12708 68449 66311 77682 80532 93750 69534
30 10
20501 79533 56455 18368 38354 77688 2933 60328 8490 82894
31 14
62359 81525 27105 82457 13425 93376 17547 79809 41476 72520 76529 54387 51917 22987
32 10
80734 97929 90270 34352 50751 93731 20014 38606 60474 41228
33 13
30297 37618 79505 67446 92382 14856 21653 69331 65864 52455 68835 34019 16578
34 15
78776 27800 94768 83619 88521 97750 37051 6351 54026 34868 58167 22903 95869 66243 89682
35 10
7718 45746 38402 52920 17816 14697 39949 16035 23008 34846
36 20
19921 35593 46868 25237 43003 18738 26656 30060 95899 99462 38217 78426 2357 63319 89878 99914 73880 59274 77963 26631
37 15
27304 56840 49544 23993 5214 45921 35308 51214 72136 72497 48474 75287 47505 84584 87774
38 15
10335 51190 21305 5620 40728 8915 92416 45134 21768 40183 97654 96167 734 61902 42521
39 10
42324 83488 51883 52877 75554 40361 6160 81581 70955 80241
40 18
10041 71595 18317 48977 72243 54819 2214 67314 54496 55044 35481 36966 96238 32351 2068 74784 80961 56150
41 14
98655 12876 81687 7546 48148 45821 55220 14650 94664 3373 23935 86914 96798 48005
42 15
10211 29654 72038 8725 64401 83940 93173 27005 65467 37126 5504 75467 75269 89954 4919
43 14
85041 34357 40922 80189 39292 1300 54371 84351 5579 28951 84667 12029 76079 17070
44 10
44184 42450 5774 42293 70619 99995 47089 68663 41077 55186
45 19
4932 74095 10583 70497 48991 54179 26758 20500 85937 64975 57568 98809 93604 98282 21814 48669 5047 58149 75469
46 12
91066 2364 32725 1130 49565 10254 70560 86148 60840 17495 74102 96398
47 14
27863 2269 82166 88949 37406 98468 31594 13417 13740 73541 56843 40678 75264 20888
48 13
54540 20457 67080 18532 60186 83383 36919 35013 25194 22992 23765 58936 97064
49 16
88738 85191 11201 3282 26234 35301 79071 81299 99402 50600 26899 91945 88974 40180 70836 54114
50 13
41246 16855 18611 75002 25630 42774 39797 68416 61638 17550 84778 10110 29395
51 15
56863 29380 7612 21756 80425 1232 30233 94821 84968 41132 46326 24139 44207 86536 45737
52 19
99295 47297 81158 36808 97618 58568 83658 79233 27381 18026 79254 69736 58885 97294 82886 81132 42359 78912 66143
53 11
27198 42293 61098 56156 67042 70968 1061 60488 2478 45897 19871
54 16
30585 24468 49211 16396 81349 97254 50638 1443 52778 42403 72890 66803 13920 25896 84312 67037
55 20
44334 54182 2172 2612 88825 49673 86566 12794 13647 26334 95128 88101 30150 30930 79878 34149 37240 52714 68662 462
56 15
41258 28047 84270 44576 41616 38063 73709 98966 80656 5487 10723 1975 73146 50165 23611
57 15
86607 45617 64713 15748 14344 4593 65665 38013 94422 51330 8335 28989 8238 73651 61102
58 15
86222 17962 82981 44540 76612 26116 4043 54095 92131 45516 38991 94469 20337 29746 73007
59 11
93898 31296 31352 87610 50747 92948 25403 11293 26167 31042 67259
60 18
49316 52034 59363 94087 28871 82467 5240 70657 40806 46319 5746 17013 72477 8637 56812 48671 69273 83752
61 16
74641 99911 81777 78493 4280 91434 91850 270 26630 22628 30734 17897 10448 83635 26401 38128
62 13
55153 34883 33960 24209 88391 50167 74295 65506 38034 19676 32276 25446 50224
63 17
25965 28879 34920 16242 77140 93113 45240 30165 21716 63248 88126 33416 25008 55968 23223 57221 92940
64 12
71728 63368 25621 67599 49651 60409 76638 96345 24964 60687 13012 11463
65 14
24590 90454 36630 17981 21926 53992 38511 18896 4722 44760 38890 57130 57220 59303
66 15
22348 15998 72416 69045 70205 55593 49758 56934 61868 54391 77667 13197 26607 11335 83824
67 20
43389 70823 8420 56251 3776 29957 43532 66461 19160 96609 23088 78606 53171 38474 13875 17819 80138 10379 97380 97315
68 13
94481 8566 73468 5298 35280 10197 79229 33438 31459 85163 66584 62543 57548
69 13
92147 35067 52387 65739 61912 24952 86023 84681 11810 51531 68154 61389 5808
70 10
31812 6291 76432 9993 64567 83527 71576 29436 26928 23731
71 11
62816 75600 39726 65594 48167 75318 6349 74881 85486 40430 70663
72 19
52737 60433 17698 12452 59615 63639 91784 54942 4102 4881 11162 91093 48253 46450 89314 86298 16099 78903 38635
73 11
79103 30379 88601 69928 76043 92750 61346 78262 20938 82289 22148
74 13
65769 52742 11804 36552 67280 17935 47298 34196 99556 20945 56128 42042 1629
75 12
28878 19632 65236 45665 80304 92243 43815 22522 28823 43652 72551 90752
76 17
91509 99304 67143 95928 7302 21821 42055 54818 66622 46769 98446 77142 71229 1634 36898 19617 81635
77 16
65743 70261 96432 56177 95141 26220 11920 94272 45201 44790 11143 3940 69743 73982 79616 81909
78 15
20552 7306 74517 43271 51814 53971 54051 6719 25169 25401 14333 5862 12249 17734 53839
79 13
34003 3069 9743 92238 68010 81522 95827 15601 20294 75224 40712 5547 17409
80 17
96285 94117 37071 12030 22662 13772 96007 37356 67483 92650 81956 17457 46439 80494 46553 95825 5458
81 12
10508 84897 83633 50891 62136 36541 31915 46586 50496 40496 44840 13133
82 18
31572 29937 63147 22224 13415 99404 21704 48471 7065 5893 14052 56986 19844 75523 48886 35441 80234 58931
83 15
85294 20825 80483 83179 43912 17989 68141 73003 65409 13463 72666 41578 96069 31628 28287
84 14
90543 18348 82077 37438 37440 90842 18411 45810 58794 90880 41018 82737 33692 71298
85 16
70641 31742 59997 94608 92115 88729 77360 15863 89512 64587 86169 83166 6616 19037 53643 53981
86 20
99786 7957 96175 85049 72443 7112 49254 92133 47605 25588 42084 62817 62883 41539 3767 40976 16121 43935 10795 36423
87 17
44709 25699 50554 78681 85988 21592 50480 41079 27257 34907 57561 2467 5534 71808 98751 98047 28830
88 20
8235 42841 15842 28074 96717 95943 87879 30039 16584 13921 26920 2478 83567 64710 71517 16004 9925 92257 83687 85299
89 20
19047 75415 74429 98228 43448 39105 72340 5836 32438 70486 82939 29904 18455 88628 72941 28626 19252 93351 44708 66447
90 18
30424 9142 20587 84496 95653 52541 40872 64411 37417 37135 95721 74876 23367 1478 83735 72951 47964 65404
91 12
94831 62289 65828 45233 4615 55882 88836 71046 70086 64959 38927 23080
92 10
23932 42710 57354 37274 9131 20672 33545 87154 73669 76538
93 13
65081 27779 99230 75812 75406 35757 15573 24351 4096 96941 28596 66888 84902
94 10
63335 10541 25513 55136 49421 20853 50346 87974 77339 30997
95 16
50831 28427 33411 60413 56045 39472 19764 82406 18287 12691 40182 73754 7894 8874 13609 58970
96 10
89929 18674 23281 28444 47636 98580 17801 64405 75670 70781
97 17
23593 47920 51358 51506 245 2920 68520 43486 58859 38272 7252 99357 17919 89792 82800 27478 66523
98 19
72853 6464 4622 6296 73377 13143 55650 70163 42700 63141 74203 3001 12862 26827 91507 46925 96616 13795 64688
99 19
81800 44803 26285 82110 3811 26327 86942 31486 95493 60018 25149 18402 72002 29369 50722 3713 13297 89918 67664
100 12
25238 67697 20998 29372 71020 73596 67960 32900 97288 74537 36106 31311
101 16
70616 43781 69032 16959 77210 32249 58595 73147 54173 25582 34930 95514 40385 18985 20446 78088
102 16
85069 7711 14504 53312 8585 98585 79514 19152 53568 19046 99980 98603 35003 52354 11885 35456
103 10
46425 5350 45409 71029 76913 97035 46225 69443 3032 37898
104 18
57272 71482 25130 465 1385 40195 99872 33150 8280 22166 29800 44000 34586 8094 91304 10565 4844 25835
105 16
24002 45152 86995 55294 64936 44148 88984 26600 94910 95504 48768 52938 68037 78249 51447 10607
106 15
58193 20920 6056 48513 30504 3165 91734 41833 69932 23403 35643 59881 27316 55820 13369
107 14
50847 11806 2626 33607 82899 11429 18315 52031 92509 13672 61850 321 48205 79550
108 12
78876 32057 14480 24025 56137 69831 78709 40746 40430 8220 41571 8632
109 17
99720 6005 96201 53431 31234 14563 73208 10753 6688 83469 28527 80047 44771 78690 36814 36017 1127
110 14
89159 88693 58432 18974 55957 34514 7453 73627 12100 60416 58343 18543 58455 56354
111 14
45472 79430 40466 1559 61427 15253 97759 20320 55457 38153 1692 70445 78382 8792
112 14
11114 52160 70867 77268 41452 44301 80573 41284 72141 91132 80378 57312 63369 17832
113 15
44803 75868 77780 49465 9627 8503 68216 90830 42133 93279 54612 2276 16236 30326 35056
114 19
90368 50222 7639 88592 92495 74510 54042 98444 95957 14525 88823 59624 29038 14111 55582 32683 83346 8251 41848
115 10
55235 50746 60419 5443 99249 44635 96238 15264 58775 76397
116 12
1333 20463 90934 39838 17844 87578 36649 44003 35172 90103 73207 17924
117 12
84600 67040 1511 77334 650 77041 25033 5922 47988 77801 70006 60073
118 12
12280 82617 53367 10454 68736 25685 30661 35787 11010 64898 38829 37300
119 10
54033 14639 88914 40858 86752 76328 91459 59319 91944 72291
120 13
75472 27146 75355 87492 66258 12429 49381 56191 75512 65040 86511 91445 49199
121 13
10942 33377 49864 70547 74932 55971 82704 43329 94287 51179 7974 11099 19182
122 10
55902 13385 70053 12344 78834 47800 37843 98090 22078 89613
123 17
72176 58430 28135 18576 50208 15639 10348 93122 56091 18185 52104 22966 7972 20738 36267 41563 67345
124 20
98554 72008 15396 90452 14797 50535 19998 22781 15639 1761 42217 95809 85089 14060 27245 73992 24050 61355 24621 59965
125 19
52647 11431 42699 17310 24555 13083 61022 24320 33912 656 36357 35507 11494 5506 98081 45043 27867 38475 25834
126 13
78172 60661 82184 28788 25398 66217 60367 81361 89595 80097 80486 52847 26235
127 17
11703 36716 77830 61255 18764 57584 38323 9848 18172 20962 39249 38728 59620 94790 58210 10965 53975
128 20
75475 65396 1909 37425 3846 12263 91524 80845 76845 52782 39851 59641 61270 97901 5254 70280 24791 25020 64844 23700
129 20
36695 60713 37171 57394 99552 79097 72054 354 33848 1657 64007 3088 6860 41535 46338 80185 25020 38127 72361 21181
130 11
92828 83421 23705 87349 78198 78772 67453 15660 74051 52276 18406
131 17
24483 72352 10523 79822 46392 85533 10950 71666 34978 34517 6272 72683 93985 39690 56828 28985 76953
132 16
18120 45033 93114 28635 74613 31805 92123 18058 10227 92607 48109 92316 56677 56716 29668 79832
133 18
10438 80314 74057 84646 49987 87782 7565 12428 33861 78260 21351 45686 86155 82122 91673 33453 55070 12199
134 17
47633 47729 24980 61847 67647 28793 16075 19313 9886 5737 95907 88870 74298 41101 64887 403 45846
135 11
3207 60779 62166 30895 59512 35987 10386 5639 54535 92939 29083
136 20
43787 98607 82340 26421 71630 96918 58009 77442 59705 62274 30890 80739 56992 91654 40032 13761 44802 89139 59229 13762
137 10
98244 50676 4851 32272 49521 34194 45131 57414 98310 5902
138 17
3257 9876 89306 19752 89877 1245 19494 82677 32701 96122 71658 17819 46999 26228 90963 38349 59784
139 15
87626 46684 56343 59816 34165 59516 78308 35989 29872 4072 4884 12298 2234 54397 7340
140 15
81907 2293 49928 52687 52046 48853 70493 38510 69001 10582 15021 38144 81310 63228 89909
141 10
27534 1616 11061 84401 33554 42032 52135 37098 61373 21027
142 10
29870 69776 44876 41397 72905 25320 70926 52504 27708 23765
143 13
66161 5193 12602 2562 52677 60993 66255 77545 39825 83523 49036 279 13638
144 19
90129 22337 44290 92868 82951 431 98171 5168 81337 82815 51871 74125 66224 74147 36936 19783 68050 17601 48185
145 13
17911 83509 43739 17792 8761 28599 10017 11501 42861 34266 2947 91336 18171
146 20
75714 32433 92092 78738 25537 99600 74324 59044 59664 73303 73002 90250 98354 32080 93095 88980 55777 14602 31293 49939
147 19
10586 22178 94927 19749 73296 63425 52718 14550 37740 53926 37483 77014 55169 25669 37898 85475 35845 68662 88118
148 20
24662 31811 29002 27152 48041 39506 78251 19015 58781 20919 62178 54912 80395 1799 38119 87691 73136 74244 95553 36932
149 16
23806 33639 165 21703 59973 91683 18366 99669 98219 95315 37295 92056 4532 70882 13717 72293
150 15
48953 16788 4579 17962 81884 7834 93103 78811 33273 96729 57972 47914 63625 16000 96450
151 19
77181 80806 38722 79395 51752 88713 52988 8997 51485 45838 90385 65393 96716 3581 71319 4080 7135 32877 71380
152 15
6495 99881 53098 2597 43075 97066 52014 45217 94552 79562 54813 20883 7397 19748 42955
153 10
16176 52957 20927 87655 52612 47900 85745 79354 14383 12029
154 14
67699 63052 60864 42915 53038 61596 79976 92325 75769 5007 81495 21049 85080 70841
155 15
23530 401 77765 56899 95233 35375 74994 41601 86273 20637 78110 65765 40826 9061 93499
156 11
47307 42859 46885 20438 36043 73296 54977 1251 65197 15885 13469
157 10
78510 54386 37367 76461 82967 50132 54832 28513 93822 38214
158 20
7136 18337 24685 51773 18840 74345 40916 29961 76297 46500 93386 54957 41869 59994 40091 56358 59124 9689 37704 80158
159 17
38822 34480 41696 2286 75567 95085 69649 33318 42404 5647 17575 28313 74531 1475 75694 77305 17971
160 16
25390 12217 41226 48510 51145 97339 11618 8044 27664 77017 3242 90695 95331 18127 71889 91727
161 14
51466 7448 45419 94943 49448 46570 81376 98195 58092 96465 45777 45963 79211 47263
162 20
5420 79103 57452 63503 53455 71675 12791 57419 36736 77681 82818 57980 25561 20399 68616 89108 3232 21451 63258 80156
163 11
18620 49186 56471 66424 4420 16713 36018 43547 99041 27393 10060
164 20
17900 57605 72740 705 55460 34476 2451 78121 26313 53669 50070 26042 62079 3057 45825 16202 42814 72856 2908 2822
165 19
51720 91426 77356 78531 71402 78600 57068 88798 29967 81958 76135 82111 33518 6338 37089 28355 56855 77458 70232
166 14
89617 41074 94813 96961 48163 8073 13328 45485 91924 99042 56389 80126 40694 87242
167 19
35985 45177 81155 456 3846 53815 15259 18981 28225 9431 19274 62572 82163 91886 80055 36303 72109 57990 60871
168 13
14881 28552 58465 70949 83448 52171 36460 45973 92582 2077 29298 20639 63287
169 16
41858 98095 80122 88125 64322 6516 79875 83015 82712 69006 16510 89528 11989 24116 34351 25353
170 14
38329 22060 31028 83588 258 41142 51364 86734 80726 57246 91849 24541 66916 74964
171 18
43211 8249 77844 33601 46997 93834 52473 25686 19756 96480 28062 6770 83172 98551 96439 14190 76712 1041
172 10
59860 42999 70045 40484 94827 31032 27524 78037 30433 9363
173 15
61914 17147 38423 55434 26205 58050 94245 56740 10732 27094 9252 39340 29838 33992 42684
174 16
2601 3230 87113 7451 48836 41936 56952 57313 54250 18357 22431 17473 12827 93915 69983 49199
175 14
30966 99140 77880 91584 36466 62114 74652 75429 87982 99355 4931 11424 95975 91350
176 13
16998 19115 71113 2223 16357 73924 80255 517 52991 28722 85538 10945 13606
177 18
86060 41033 63728 58838 859 38787 24856 58466 68856 32108 79625 35086 74013 95196 56212 722 45612 56541
178 14
95541 15008 67149 15696 22363 37052 68949 52494 24744 35873 30541 48325 20627 7805
179 13
47874 90244 19539 19312 58435 2129 72636 34322 61334 21760 83024 26311 98043
180 20
87213 31588 65750 57753 53633 97815 84541 75870 72660 20863 3243 79716 862 98128 54866 71005 52970 56086 22770 35394
181 12
50000 72058 94684 704 45774 66738 9526 33637 97164 73019 8538 88702
182 13
32343 52557 49280 48312 43591 84912 98462 60370 59234 39468 35894 68537 23714
183 17
13504 69806 95173 83777 49796 57239 22382 88463 11152 58566 21933 12614 24770 43021 11397 16414 65872
184 19
87278 21874 34924 71043 56326 40236 31799 33259 29786 66491 41179 19888 30330 69535 64993 80850 33542 33146 98043
185 20
1563 68514 23847 1773 22544 25879 59268 8393 92716 23743 66884 54999 8286 20578 34603 18316 31531 51679 42303 23886
186 16
94298 59043 58615 88442 85818 9510 62546 21969 71948 23306 9144 8967 38500 95871 20557 35534
187 12
14574 83417 16673 89318 2104 37435 1131 90225 8958 65305 71418 20996
188 14
84319 47202 84003 85481 44499 77152 20310 6047 79917 81597 82222 98908 89969 85832
189 20
66236 83098 75804 71241 46361 59556 81063 86126 25200 35951 97539 82215 67725 558 19259 97186 50049 93551 88865 19050
190 16
72815 47240 31629 467 47540 92682 38946 892 13152 8471 22827 43926 40913 385 74195 79368
191 12
29405 96170 6969 13430 65917 81370 18918 20994 9025 68432 51104 90844
192 19
53954 3792 43949 35813 96130 98221 8270 75505 31362 90510 82040 13411 12389 92427 19879 50754 76387 842 62194
193 16
23224 5101 15259 24075 33772 82723 96349 1573 52786 14292 33768 98527 77694 62625 9885 39433
194 16
86222 70160 9573 28497 25795 49854 87105 64388 30774 12702 74088 82197 89950 34945 43425 66598
195 16
78761 53204 78693 12114 60511 40808 17296 14697 69838 27035 78174 78402 43280 36881 20739 73457
196 10
5115 89215 22238 33435 83139 21560 90527 49095 66180 13141
198 13
86139 37953 40934 42091 38878 9872 46140 19029 11316 3333 79943 36870 64023
201 14
37292 59402 43702 97865 71506 16015 55418 45238 71461 41939 22782 36432 9003 10122
205 18
15899 22789 28752 5036 64997 67607 36301 35266 89409 85922 17610 66489 38482 59987 48013 8895 81965 54398
220 19
79410 48577 90127 92984 17440 813 18369 51537 19587 33342 16920 27476 42679 15813 53737 69313 37332 58268 80199